2023-08-08T06:37:59+00:00 CRITICAL Uncaught Error: Failed opening required '../../wp-load.php' (include_path='.:/usr/local/lib/php') in /var/www/html/html/addweb/wp-content/plugins/sync_products/google_sheet_import.php:3
Stack trace:
#0 /var/www/html/html/addweb/wp-content/plugins/sync_products/main.php(20): include_once()
#1 /var/www/html/html/addweb/wp-includes/class-wp-hook.php(310): synic_products_options_page('')
#2 /var/www/html/html/addweb/wp-includes/class-wp-hook.php(334): WP_Hook->apply_filters('', Array)
#3 /var/www/html/html/addweb/wp-includes/plugin.php(517): WP_Hook->do_action(Array)
#4 /var/www/html/html/addweb/wp-admin/admin.php(259): do_action('settings_page_s...')
#5 /var/www/html/html/addweb/wp-admin/options-general.php(10): require_once('/var/www/html/h...')
#6 {main}
  thrown in /var/www/html/html/addweb/wp-content/plugins/sync_products/google_sheet_import.php on line 3

2023-08-08T06:39:01+00:00 CRITICAL Uncaught Error: Failed opening required '../../wp-load.php' (include_path='.:/usr/local/lib/php') in /var/www/html/html/addweb/wp-content/plugins/sync_products/google_sheet_import.php:3
Stack trace:
#0 /var/www/html/html/addweb/wp-content/plugins/sync_products/main.php(20): include_once()
#1 /var/www/html/html/addweb/wp-includes/class-wp-hook.php(310): synic_products_options_page('')
#2 /var/www/html/html/addweb/wp-includes/class-wp-hook.php(334): WP_Hook->apply_filters('', Array)
#3 /var/www/html/html/addweb/wp-includes/plugin.php(517): WP_Hook->do_action(Array)
#4 /var/www/html/html/addweb/wp-admin/admin.php(259): do_action('settings_page_s...')
#5 /var/www/html/html/addweb/wp-admin/options-general.php(10): require_once('/var/www/html/h...')
#6 {main}
  thrown in /var/www/html/html/addweb/wp-content/plugins/sync_products/google_sheet_import.php on line 3

2023-08-08T07:24:03+00:00 CRITICAL Uncaught Error: Class "IOFactory" not found in /var/www/html/html/addweb/google_sheet_import.php:27
Stack trace:
#0 {main}
  thrown in /var/www/html/html/addweb/google_sheet_import.php on line 27

2023-08-08T07:35:15+00:00 CRITICAL Uncaught Error: Class "IOFactory" not found in /var/www/html/html/addweb/google_sheet_import.php:27
Stack trace:
#0 {main}
  thrown in /var/www/html/html/addweb/google_sheet_import.php on line 27

2023-08-08T07:37:11+00:00 CRITICAL Uncaught Error: Class "IOFactory" not found in /var/www/html/html/addweb/google_sheet_import.php:27
Stack trace:
#0 {main}
  thrown in /var/www/html/html/addweb/google_sheet_import.php on line 27

2023-08-08T07:42:27+00:00 CRITICAL Uncaught Error: Class "IOFactory" not found in /var/www/html/html/addweb/google_sheet_import.php:27
Stack trace:
#0 {main}
  thrown in /var/www/html/html/addweb/google_sheet_import.php on line 27

2023-08-08T07:42:56+00:00 CRITICAL Uncaught Error: Class "IOFactory" not found in /var/www/html/html/addweb/google_sheet_import.php:27
Stack trace:
#0 {main}
  thrown in /var/www/html/html/addweb/google_sheet_import.php on line 27

2023-08-08T07:43:32+00:00 CRITICAL Uncaught Error: Class "PhpOffice\PhpSpreadsheet\IOFactory" not found in /var/www/html/html/addweb/google_sheet_import.php:27
Stack trace:
#0 {main}
  thrown in /var/www/html/html/addweb/google_sheet_import.php on line 27

2023-08-08T07:45:38+00:00 CRITICAL Uncaught Error: Class "PhpOffice\PhpSpreadsheet\IOFactory" not found in /var/www/html/html/addweb/google_sheet_import.php:27
Stack trace:
#0 {main}
  thrown in /var/www/html/html/addweb/google_sheet_import.php on line 27

2023-08-08T07:47:37+00:00 CRITICAL Uncaught Error: Class "PhpOffice\PhpSpreadsheet\IOFactory" not found in /var/www/html/html/addweb/google_sheet_import.php:27
Stack trace:
#0 {main}
  thrown in /var/www/html/html/addweb/google_sheet_import.php on line 27

2023-08-08T07:48:48+00:00 CRITICAL Uncaught Error: Class "PhpOffice\PhpSpreadsheet\IOFactory" not found in /var/www/html/html/addweb/google_sheet_import.php:27
Stack trace:
#0 {main}
  thrown in /var/www/html/html/addweb/google_sheet_import.php on line 27

2023-08-08T07:48:59+00:00 CRITICAL Uncaught Error: Class "PhpOffice\PhpSpreadsheet\IOFactory" not found in /var/www/html/html/addweb/google_sheet_import.php:27
Stack trace:
#0 {main}
  thrown in /var/www/html/html/addweb/google_sheet_import.php on line 27

2023-08-08T07:49:33+00:00 CRITICAL Uncaught Error: Class "PhpOffice\PhpSpreadsheet\IOFactory" not found in /var/www/html/html/addweb/google_sheet_import.php:27
Stack trace:
#0 {main}
  thrown in /var/www/html/html/addweb/google_sheet_import.php on line 27

2023-08-08T07:49:47+00:00 CRITICAL Uncaught Error: Class "PhpOffice\PhpSpreadsheet\IOFactory" not found in /var/www/html/html/addweb/google_sheet_import.php:27
Stack trace:
#0 {main}
  thrown in /var/www/html/html/addweb/google_sheet_import.php on line 27

2023-08-08T07:50:45+00:00 CRITICAL Uncaught Error: Class "PhpOffice\PhpSpreadsheet\IOFactory" not found in /var/www/html/html/addweb/google_sheet_import.php:27
Stack trace:
#0 {main}
  thrown in /var/www/html/html/addweb/google_sheet_import.php on line 27

2023-08-08T08:07:06+00:00 CRITICAL Uncaught Error: Class "PhpOffice\PhpSpreadsheet\IOFactory" not found in /var/www/html/html/addweb/google_sheet_import.php:27
Stack trace:
#0 {main}
  thrown in /var/www/html/html/addweb/google_sheet_import.php on line 27

2023-08-08T08:10:21+00:00 CRITICAL Uncaught Error: Class "PhpOffice\PhpSpreadsheet\IOFactory" not found in /var/www/html/html/addweb/google_sheet_import.php:27
Stack trace:
#0 {main}
  thrown in /var/www/html/html/addweb/google_sheet_import.php on line 27

2023-08-08T08:10:52+00:00 CRITICAL Uncaught Error: Failed opening required '/var/www/html/html/addwebvendor/autoload.php' (include_path='.:/usr/local/lib/php') in /var/www/html/html/addweb/google_sheet_import.php:7
Stack trace:
#0 {main}
  thrown in /var/www/html/html/addweb/google_sheet_import.php on line 7

2023-08-08T08:11:05+00:00 CRITICAL Uncaught Error: Class "PhpOffice\PhpSpreadsheet\IOFactory" not found in /var/www/html/html/addweb/google_sheet_import.php:27
Stack trace:
#0 {main}
  thrown in /var/www/html/html/addweb/google_sheet_import.php on line 27

2023-08-08T11:43:12+00:00 CRITICAL Uncaught TypeError: call_user_func_array(): Argument #1 ($callback) must be a valid callback, non-static method ADDWEBPT_POST_TIMER::addweb_pt_deleteDefault_values() cannot be called statically in /var/www/html/html/addweb/wp-includes/class-wp-hook.php:310
Stack trace:
#0 /var/www/html/html/addweb/wp-includes/class-wp-hook.php(334): WP_Hook->apply_filters('', Array)
#1 /var/www/html/html/addweb/wp-includes/plugin.php(517): WP_Hook->do_action(Array)
#2 /var/www/html/html/addweb/wp-admin/includes/plugin.php(816): do_action('deactivate_post...', false)
#3 /var/www/html/html/addweb/wp-admin/plugins.php(209): deactivate_plugins('post-timer/post...', false, false)
#4 {main}
  thrown in /var/www/html/html/addweb/wp-includes/class-wp-hook.php on line 310

2023-08-08T11:43:14+00:00 CRITICAL Uncaught TypeError: call_user_func_array(): Argument #1 ($callback) must be a valid callback, non-static method ADDWEBPT_POST_TIMER::addweb_pt_deleteDefault_values() cannot be called statically in /var/www/html/html/addweb/wp-includes/class-wp-hook.php:310
Stack trace:
#0 /var/www/html/html/addweb/wp-includes/class-wp-hook.php(334): WP_Hook->apply_filters('', Array)
#1 /var/www/html/html/addweb/wp-includes/plugin.php(517): WP_Hook->do_action(Array)
#2 /var/www/html/html/addweb/wp-admin/includes/plugin.php(816): do_action('deactivate_post...', false)
#3 /var/www/html/html/addweb/wp-admin/plugins.php(209): deactivate_plugins('post-timer/post...', false, false)
#4 {main}
  thrown in /var/www/html/html/addweb/wp-includes/class-wp-hook.php on line 310

2023-08-08T11:43:22+00:00 CRITICAL Uncaught TypeError: call_user_func_array(): Argument #1 ($callback) must be a valid callback, non-static method ADDWEBPT_POST_TIMER::addweb_pt_deleteDefault_values() cannot be called statically in /var/www/html/html/addweb/wp-includes/class-wp-hook.php:310
Stack trace:
#0 /var/www/html/html/addweb/wp-includes/class-wp-hook.php(334): WP_Hook->apply_filters('', Array)
#1 /var/www/html/html/addweb/wp-includes/plugin.php(517): WP_Hook->do_action(Array)
#2 /var/www/html/html/addweb/wp-admin/includes/plugin.php(816): do_action('deactivate_post...', false)
#3 /var/www/html/html/addweb/wp-admin/plugins.php(209): deactivate_plugins('post-timer/post...', false, false)
#4 {main}
  thrown in /var/www/html/html/addweb/wp-includes/class-wp-hook.php on line 310

2023-08-08T11:43:52+00:00 CRITICAL Uncaught TypeError: call_user_func_array(): Argument #1 ($callback) must be a valid callback, non-static method ADDWEBPT_POST_TIMER::addweb_pt_deleteDefault_values() cannot be called statically in /var/www/html/html/addweb/wp-includes/class-wp-hook.php:310
Stack trace:
#0 /var/www/html/html/addweb/wp-includes/class-wp-hook.php(334): WP_Hook->apply_filters('', Array)
#1 /var/www/html/html/addweb/wp-includes/plugin.php(517): WP_Hook->do_action(Array)
#2 /var/www/html/html/addweb/wp-admin/includes/plugin.php(816): do_action('deactivate_post...', false)
#3 /var/www/html/html/addweb/wp-admin/plugins.php(209): deactivate_plugins('post-timer/post...', false, false)
#4 {main}
  thrown in /var/www/html/html/addweb/wp-includes/class-wp-hook.php on line 310

2023-08-08T11:43:57+00:00 CRITICAL Uncaught TypeError: call_user_func_array(): Argument #1 ($callback) must be a valid callback, non-static method ADDWEBPT_POST_TIMER::addweb_pt_deleteDefault_values() cannot be called statically in /var/www/html/html/addweb/wp-includes/class-wp-hook.php:310
Stack trace:
#0 /var/www/html/html/addweb/wp-includes/class-wp-hook.php(334): WP_Hook->apply_filters('', Array)
#1 /var/www/html/html/addweb/wp-includes/plugin.php(517): WP_Hook->do_action(Array)
#2 /var/www/html/html/addweb/wp-admin/includes/plugin.php(816): do_action('deactivate_post...', false)
#3 /var/www/html/html/addweb/wp-admin/plugins.php(209): deactivate_plugins('post-timer/post...', false, false)
#4 {main}
  thrown in /var/www/html/html/addweb/wp-includes/class-wp-hook.php on line 310

2023-08-08T11:44:03+00:00 CRITICAL Uncaught TypeError: call_user_func_array(): Argument #1 ($callback) must be a valid callback, non-static method ADDWEBPT_POST_TIMER::addweb_pt_deleteDefault_values() cannot be called statically in /var/www/html/html/addweb/wp-includes/class-wp-hook.php:310
Stack trace:
#0 /var/www/html/html/addweb/wp-includes/class-wp-hook.php(334): WP_Hook->apply_filters('', Array)
#1 /var/www/html/html/addweb/wp-includes/plugin.php(517): WP_Hook->do_action(Array)
#2 /var/www/html/html/addweb/wp-admin/includes/plugin.php(816): do_action('deactivate_post...', false)
#3 /var/www/html/html/addweb/wp-admin/plugins.php(209): deactivate_plugins('post-timer/post...', false, false)
#4 {main}
  thrown in /var/www/html/html/addweb/wp-includes/class-wp-hook.php on line 310

2023-08-08T11:44:12+00:00 CRITICAL Uncaught TypeError: call_user_func_array(): Argument #1 ($callback) must be a valid callback, non-static method ADDWEBPT_POST_TIMER::addweb_pt_deleteDefault_values() cannot be called statically in /var/www/html/html/addweb/wp-includes/class-wp-hook.php:310
Stack trace:
#0 /var/www/html/html/addweb/wp-includes/class-wp-hook.php(334): WP_Hook->apply_filters('', Array)
#1 /var/www/html/html/addweb/wp-includes/plugin.php(517): WP_Hook->do_action(Array)
#2 /var/www/html/html/addweb/wp-admin/includes/plugin.php(816): do_action('deactivate_post...', false)
#3 /var/www/html/html/addweb/wp-admin/plugins.php(209): deactivate_plugins('post-timer/post...', false, false)
#4 {main}
  thrown in /var/www/html/html/addweb/wp-includes/class-wp-hook.php on line 310

